execve("/usr/bin/python3", ["python3", "./hello.py"], 0x7ffd5ef6f218 /* 70 vars */) = 0
brk(NULL)                               = 0x2424000
access("/etc/ld.so.nohwcap", F_OK)      = -1 ENOENT (No such file or directory)
access("/etc/ld.so.preload", R_OK)      = -1 ENOENT (No such file or directory)
openat(AT_FDCWD, "/etc/ld.so.cache", O_RDONLY|O_CLOEXEC) = 3
fstat(3, {st_mode=S_IFREG|0644, st_size=88044, ...}) = 0
mmap(NULL, 88044, PROT_READ, MAP_PRIVATE, 3, 0) = 0x7f92d941b000
close(3)                                = 0
access("/etc/ld.so.nohwcap", F_OK)      = -1 ENOENT (No such file or directory)
openat(AT_FDCWD, "/lib/x86_64-linux-gnu/libc.so.6", O_RDONLY|O_CLOEXEC) = 3
read(3, "\177ELF\2\1\1\3\0\0\0\0\0\0\0\0\3\0>\0\1\0\0\0\260\34\2\0\0\0\0\0"..., 832) = 832
fstat(3, {st_mode=S_IFREG|0755, st_size=2030544, ...}) = 0
mmap(NULL, 8192, PROT_READ|PROT_WRITE, MAP_PRIVATE|MAP_ANONYMOUS, -1, 0) = 0x7f92d9419000
mmap(NULL, 4131552, PROT_READ|PROT_EXEC, MAP_PRIVATE|MAP_DENYWRITE, 3, 0) = 0x7f92d8e19000
mprotect(0x7f92d9000000, 2097152, PROT_NONE) = 0
mmap(0x7f92d9200000, 24576, PROT_READ|PROT_WRITE, MAP_PRIVATE|MAP_FIXED|MAP_DENYWRITE, 3, 0x1e7000) = 0x7f92d9200000
mmap(0x7f92d9206000, 15072, PROT_READ|PROT_WRITE, MAP_PRIVATE|MAP_FIXED|MAP_ANONYMOUS, -1, 0) = 0x7f92d9206000
close(3)                                = 0
access("/etc/ld.so.nohwcap", F_OK)      = -1 ENOENT (No such file or directory)
openat(AT_FDCWD, "/lib/x86_64-linux-gnu/libpthread.so.0", O_RDONLY|O_CLOEXEC) = 3
read(3, "\177ELF\2\1\1\0\0\0\0\0\0\0\0\0\3\0>\0\1\0\0\0000b\0\0\0\0\0\0"..., 832) = 832
fstat(3, {st_mode=S_IFREG|0755, st_size=144976, ...}) = 0
mmap(NULL, 2221184, PROT_READ|PROT_EXEC, MAP_PRIVATE|MAP_DENYWRITE, 3, 0) = 0x7f92d8bfa000
mprotect(0x7f92d8c14000, 2093056, PROT_NONE) = 0
mmap(0x7f92d8e13000, 8192, PROT_READ|PROT_WRITE, MAP_PRIVATE|MAP_FIXED|MAP_DENYWRITE, 3, 0x19000) = 0x7f92d8e13000
mmap(0x7f92d8e15000, 13440, PROT_READ|PROT_WRITE, MAP_PRIVATE|MAP_FIXED|MAP_ANONYMOUS, -1, 0) = 0x7f92d8e15000
close(3)                                = 0
access("/etc/ld.so.nohwcap", F_OK)      = -1 ENOENT (No such file or directory)
openat(AT_FDCWD, "/lib/x86_64-linux-gnu/libdl.so.2", O_RDONLY|O_CLOEXEC) = 3
read(3, "\177ELF\2\1\1\0\0\0\0\0\0\0\0\0\3\0>\0\1\0\0\0P\16\0\0\0\0\0\0"..., 832) = 832
fstat(3, {st_mode=S_IFREG|0644, st_size=14560, ...}) = 0
mmap(NULL, 2109712, PROT_READ|PROT_EXEC, MAP_PRIVATE|MAP_DENYWRITE, 3, 0) = 0x7f92d89f6000
mprotect(0x7f92d89f9000, 2093056, PROT_NONE) = 0
mmap(0x7f92d8bf8000, 8192, PROT_READ|PROT_WRITE, MAP_PRIVATE|MAP_FIXED|MAP_DENYWRITE, 3, 0x2000) = 0x7f92d8bf8000
close(3)                                = 0
access("/etc/ld.so.nohwcap", F_OK)      = -1 ENOENT (No such file or directory)
openat(AT_FDCWD, "/lib/x86_64-linux-gnu/libutil.so.1", O_RDONLY|O_CLOEXEC) = 3
read(3, "\177ELF\2\1\1\0\0\0\0\0\0\0\0\0\3\0>\0\1\0\0\0p\16\0\0\0\0\0\0"..., 832) = 832
fstat(3, {st_mode=S_IFREG|0644, st_size=10592, ...}) = 0
mmap(NULL, 2105616, PROT_READ|PROT_EXEC, MAP_PRIVATE|MAP_DENYWRITE, 3, 0) = 0x7f92d87f3000
mprotect(0x7f92d87f5000, 2093056, PROT_NONE) = 0
mmap(0x7f92d89f4000, 8192, PROT_READ|PROT_WRITE, MAP_PRIVATE|MAP_FIXED|MAP_DENYWRITE, 3, 0x1000) = 0x7f92d89f4000
close(3)                                = 0
access("/etc/ld.so.nohwcap", F_OK)      = -1 ENOENT (No such file or directory)
openat(AT_FDCWD, "/lib/x86_64-linux-gnu/libexpat.so.1", O_RDONLY|O_CLOEXEC) = 3
read(3, "\177ELF\2\1\1\0\0\0\0\0\0\0\0\0\3\0>\0\1\0\0\0@8\0\0\0\0\0\0"..., 832) = 832
fstat(3, {st_mode=S_IFREG|0644, st_size=202880, ...}) = 0
mmap(NULL, 2298016, PROT_READ|PROT_EXEC, MAP_PRIVATE|MAP_DENYWRITE, 3, 0) = 0x7f92d85c1000
mprotect(0x7f92d85f0000, 2097152, PROT_NONE) = 0
mmap(0x7f92d87f0000, 12288, PROT_READ|PROT_WRITE, MAP_PRIVATE|MAP_FIXED|MAP_DENYWRITE, 3, 0x2f000) = 0x7f92d87f0000
close(3)                                = 0
access("/etc/ld.so.nohwcap", F_OK)      = -1 ENOENT (No such file or directory)
openat(AT_FDCWD, "/lib/x86_64-linux-gnu/libz.so.1", O_RDONLY|O_CLOEXEC) = 3
read(3, "\177ELF\2\1\1\0\0\0\0\0\0\0\0\0\3\0>\0\1\0\0\0\220\37\0\0\0\0\0\0"..., 832) = 832
fstat(3, {st_mode=S_IFREG|0644, st_size=116960, ...}) = 0
mmap(NULL, 2212016, PROT_READ|PROT_EXEC, MAP_PRIVATE|MAP_DENYWRITE, 3, 0) = 0x7f92d83a4000
mprotect(0x7f92d83c0000, 2093056, PROT_NONE) = 0
mmap(0x7f92d85bf000, 8192, PROT_READ|PROT_WRITE, MAP_PRIVATE|MAP_FIXED|MAP_DENYWRITE, 3, 0x1b000) = 0x7f92d85bf000
close(3)                                = 0
access("/etc/ld.so.nohwcap", F_OK)      = -1 ENOENT (No such file or directory)
openat(AT_FDCWD, "/lib/x86_64-linux-gnu/libm.so.6", O_RDONLY|O_CLOEXEC) = 3
read(3, "\177ELF\2\1\1\3\0\0\0\0\0\0\0\0\3\0>\0\1\0\0\0\200\272\0\0\0\0\0\0"..., 832) = 832
fstat(3, {st_mode=S_IFREG|0644, st_size=1700792, ...}) = 0
mmap(NULL, 8192, PROT_READ|PROT_WRITE, MAP_PRIVATE|MAP_ANONYMOUS, -1, 0) = 0x7f92d9417000
mmap(NULL, 3789144, PROT_READ|PROT_EXEC, MAP_PRIVATE|MAP_DENYWRITE, 3, 0) = 0x7f92d8006000
mprotect(0x7f92d81a3000, 2093056, PROT_NONE) = 0
mmap(0x7f92d83a2000, 8192, PROT_READ|PROT_WRITE, MAP_PRIVATE|MAP_FIXED|MAP_DENYWRITE, 3, 0x19c000) = 0x7f92d83a2000
close(3)                                = 0
mmap(NULL, 12288, PROT_READ|PROT_WRITE, MAP_PRIVATE|MAP_ANONYMOUS, -1, 0) = 0x7f92d9414000
arch_prctl(ARCH_SET_FS, 0x7f92d9414740) = 0
mprotect(0x7f92d9200000, 16384, PROT_READ) = 0
mprotect(0x7f92d83a2000, 4096, PROT_READ) = 0
mprotect(0x7f92d85bf000, 4096, PROT_READ) = 0
mprotect(0x7f92d87f0000, 8192, PROT_READ) = 0
mprotect(0x7f92d89f4000, 4096, PROT_READ) = 0
mprotect(0x7f92d8bf8000, 4096, PROT_READ) = 0
mprotect(0x7f92d8e13000, 4096, PROT_READ) = 0
mprotect(0x9b3000, 4096, PROT_READ)     = 0
mprotect(0x7f92d9431000, 4096, PROT_READ) = 0
munmap(0x7f92d941b000, 88044)           = 0
set_tid_address(0x7f92d9414a10)         = 4538
set_robust_list(0x7f92d9414a20, 24)     = 0
rt_sigaction(SIGRTMIN, {sa_handler=0x7f92d8bffcb0, sa_mask=[], sa_flags=SA_RESTORER|SA_SIGINFO, sa_restorer=0x7f92d8c0c890}, NULL, 8) = 0
rt_sigaction(SIGRT_1, {sa_handler=0x7f92d8bffd50, sa_mask=[], sa_flags=SA_RESTORER|SA_RESTART|SA_SIGINFO, sa_restorer=0x7f92d8c0c890}, NULL, 8) = 0
rt_sigprocmask(SIG_UNBLOCK, [RTMIN RT_1], NULL, 8) = 0
prlimit64(0, RLIMIT_STACK, NULL, {rlim_cur=8192*1024, rlim_max=RLIM64_INFINITY}) = 0
brk(NULL)                               = 0x2424000
brk(0x2445000)                          = 0x2445000
openat(AT_FDCWD, "/usr/lib/locale/locale-archive", O_RDONLY|O_CLOEXEC) = 3
fstat(3, {st_mode=S_IFREG|0644, st_size=11330512, ...}) = 0
mmap(NULL, 11330512, PROT_READ, MAP_PRIVATE, 3, 0) = 0x7f92d7537000
close(3)                                = 0
openat(AT_FDCWD, "/usr/lib/x86_64-linux-gnu/gconv/gconv-modules.cache", O_RDONLY) = 3
fstat(3, {st_mode=S_IFREG|0644, st_size=26376, ...}) = 0
mmap(NULL, 26376, PROT_READ, MAP_SHARED, 3, 0) = 0x7f92d942a000
close(3)                                = 0
futex(0x7f92d9205a08, FUTEX_WAKE_PRIVATE, 2147483647) = 0
getrandom("\xab\x49\x17\x5b\xc3\x4a\xe9\x8d\x35\x11\x1a\xb1\x24\x14\xe7\x6e\x25\xb1\x17\x6a\xa4\xe7\x2b\xd4", 24, GRND_NONBLOCK) = 24
ioctl(0, TCGETS, {B38400 opost isig icanon echo ...}) = 0
mmap(NULL, 262144, PROT_READ|PROT_WRITE, MAP_PRIVATE|MAP_ANONYMOUS, -1, 0) = 0x7f92d93d4000
mmap(NULL, 262144, PROT_READ|PROT_WRITE, MAP_PRIVATE|MAP_ANONYMOUS, -1, 0) = 0x7f92d9394000
munmap(0x7f92d9394000, 262144)          = 0
mmap(NULL, 262144, PROT_READ|PROT_WRITE, MAP_PRIVATE|MAP_ANONYMOUS, -1, 0) = 0x7f92d9394000
fstat(0, {st_mode=S_IFCHR|0620, st_rdev=makedev(136, 0), ...}) = 0
stat("/home/eclair-mickey/.rbenv/shims/python3", 0x7ffcca9f9570) = -1 ENOENT (No such file or directory)
stat("/home/eclair-mickey/.rbenv/bin/python3", 0x7ffcca9f9570) = -1 ENOENT (No such file or directory)
stat("/home/eclair-mickey/.local/bin/python3", 0x7ffcca9f9570) = -1 ENOENT (No such file or directory)
stat("/usr/local/sbin/python3", 0x7ffcca9f9570) = -1 ENOENT (No such file or directory)
stat("/usr/local/bin/python3", 0x7ffcca9f9570) = -1 ENOENT (No such file or directory)
stat("/usr/sbin/python3", 0x7ffcca9f9570) = -1 ENOENT (No such file or directory)
stat("/usr/bin/python3", {st_mode=S_IFREG|0755, st_size=4526456, ...}) = 0
readlink("/usr/bin/python3", "python3.6", 4096) = 9
readlink("/usr/bin/python3.6", 0x7ffcca9ee4c0, 4096) = -1 EINVAL (Invalid argument)
openat(AT_FDCWD, "/usr/bin/pyvenv.cfg", O_RDONLY) = -1 ENOENT (No such file or directory)
openat(AT_FDCWD, "/usr/pyvenv.cfg", O_RDONLY) = -1 ENOENT (No such file or directory)
stat("/usr/bin/Modules/Setup", 0x7ffcca9f9570) = -1 ENOENT (No such file or directory)
stat("/usr/bin/lib/python3.6/os.py", 0x7ffcca9ef450) = -1 ENOENT (No such file or directory)
stat("/usr/bin/lib/python3.6/os.pyc", 0x7ffcca9ef450) = -1 ENOENT (No such file or directory)
stat("/usr/lib/python3.6/os.py", {st_mode=S_IFREG|0644, st_size=37526, ...}) = 0
stat("/usr/bin/pybuilddir.txt", 0x7ffcca9f9570) = -1 ENOENT (No such file or directory)
stat("/usr/bin/lib/python3.6/lib-dynload", 0x7ffcca9f9570) = -1 ENOENT (No such file or directory)
stat("/usr/lib/python3.6/lib-dynload", {st_mode=S_IFDIR|0755, st_size=12288, ...}) = 0
brk(0x2468000)                          = 0x2468000
mmap(NULL, 262144, PROT_READ|PROT_WRITE, MAP_PRIVATE|MAP_ANONYMOUS, -1, 0) = 0x7f92d9354000
sysinfo({uptime=1330, loads=[54880, 38784, 22592], totalram=8221122560, freeram=4191358976, sharedram=406028288, bufferram=124833792, totalswap=3999264768, freeswap=3999264768, procs=898, totalhigh=0, freehigh=0, mem_unit=1}) = 0
brk(0x248a000)                          = 0x248a000
sigaltstack({ss_sp=0x2442a90, ss_flags=0, ss_size=8192}, {ss_sp=NULL, ss_flags=SS_DISABLE, ss_size=0}) = 0
stat("/usr/lib/python36.zip", 0x7ffcca9fff80) = -1 ENOENT (No such file or directory)
stat("/usr/lib", {st_mode=S_IFDIR|0755, st_size=4096, ...}) = 0
stat("/usr/lib/python36.zip", 0x7ffcca9ff720) = -1 ENOENT (No such file or directory)
stat("/usr/lib/python3.6", {st_mode=S_IFDIR|0755, st_size=20480, ...}) = 0
stat("/usr/lib/python3.6", {st_mode=S_IFDIR|0755, st_size=20480, ...}) = 0
stat("/usr/lib/python3.6", {st_mode=S_IFDIR|0755, st_size=20480, ...}) = 0
openat(AT_FDCWD, "/usr/lib/python3.6", O_RDONLY|O_NONBLOCK|O_CLOEXEC|O_DIRECTORY) = 3
fstat(3, {st_mode=S_IFDIR|0755, st_size=20480, ...}) = 0
getdents(3, /* 203 entries */, 32768)   = 6752
mmap(NULL, 262144, PROT_READ|PROT_WRITE, MAP_PRIVATE|MAP_ANONYMOUS, -1, 0) = 0x7f92d9314000
getdents(3, /* 0 entries */, 32768)     = 0
close(3)                                = 0
stat("/usr/lib/python3.6/encodings/__init__.cpython-36m-x86_64-linux-gnu.so", 0x7ffcca9ffb00) = -1 ENOENT (No such file or directory)
stat("/usr/lib/python3.6/encodings/__init__.abi3.so", 0x7ffcca9ffb00) = -1 ENOENT (No such file or directory)
stat("/usr/lib/python3.6/encodings/__init__.so", 0x7ffcca9ffb00) = -1 ENOENT (No such file or directory)
stat("/usr/lib/python3.6/encodings/__init__.py", {st_mode=S_IFREG|0644, st_size=5642, ...}) = 0
stat("/usr/lib/python3.6/encodings/__init__.py", {st_mode=S_IFREG|0644, st_size=5642, ...}) = 0
openat(AT_FDCWD, "/usr/lib/python3.6/encodings/__pycache__/__init__.cpython-36.pyc", O_RDONLY|O_CLOEXEC) = 3
fcntl(3, F_GETFD)                       = 0x1 (flags FD_CLOEXEC)
fstat(3, {st_mode=S_IFREG|0644, st_size=3930, ...}) = 0
lseek(3, 0, SEEK_CUR)                   = 0
fstat(3, {st_mode=S_IFREG|0644, st_size=3930, ...}) = 0
read(3, "3\r\r\n4^\232^\n\26\0\0\343\0\0\0\0\0\0\0\0\0\0\0\0\5\0\0\0@\0\0"..., 3931) = 3930
read(3, "", 1)                          = 0
close(3)                                = 0
stat("/usr/lib/python3.6", {st_mode=S_IFDIR|0755, st_size=20480, ...}) = 0
stat("/usr/lib/python3.6/codecs.py", {st_mode=S_IFREG|0644, st_size=36276, ...}) = 0
stat("/usr/lib/python3.6/codecs.py", {st_mode=S_IFREG|0644, st_size=36276, ...}) = 0
openat(AT_FDCWD, "/usr/lib/python3.6/__pycache__/codecs.cpython-36.pyc", O_RDONLY|O_CLOEXEC) = 3
fstat(3, {st_mode=S_IFREG|0644, st_size=33900, ...}) = 0
lseek(3, 0, SEEK_CUR)                   = 0
fstat(3, {st_mode=S_IFREG|0644, st_size=33900, ...}) = 0
read(3, "3\r\r\n4^\232^\264\215\0\0\343\0\0\0\0\0\0\0\0\0\0\0\0:\0\0\0@\0\0"..., 33901) = 33900
read(3, "", 1)                          = 0
close(3)                                = 0
stat("/usr/lib/python3.6/encodings", {st_mode=S_IFDIR|0755, st_size=20480, ...}) = 0
stat("/usr/lib/python3.6/encodings", {st_mode=S_IFDIR|0755, st_size=20480, ...}) = 0
stat("/usr/lib/python3.6/encodings", {st_mode=S_IFDIR|0755, st_size=20480, ...}) = 0
openat(AT_FDCWD, "/usr/lib/python3.6/encodings", O_RDONLY|O_NONBLOCK|O_CLOEXEC|O_DIRECTORY) = 3
fstat(3, {st_mode=S_IFDIR|0755, st_size=20480, ...}) = 0
getdents(3, /* 128 entries */, 32768)   = 4336
getdents(3, /* 0 entries */, 32768)     = 0
close(3)                                = 0
stat("/usr/lib/python3.6/encodings/aliases.py", {st_mode=S_IFREG|0644, st_size=15577, ...}) = 0
stat("/usr/lib/python3.6/encodings/aliases.py", {st_mode=S_IFREG|0644, st_size=15577, ...}) = 0
openat(AT_FDCWD, "/usr/lib/python3.6/encodings/__pycache__/aliases.cpython-36.pyc", O_RDONLY|O_CLOEXEC) = 3
fstat(3, {st_mode=S_IFREG|0644, st_size=6274, ...}) = 0
lseek(3, 0, SEEK_CUR)                   = 0
fstat(3, {st_mode=S_IFREG|0644, st_size=6274, ...}) = 0
read(3, "3\r\r\n4^\232^\331<\0\0\343\0\0\0\0\0\0\0\0\0\0\0\0D\1\0\0@\0\0"..., 6275) = 6274
read(3, "", 1)                          = 0
close(3)                                = 0
stat("/usr/lib/python3.6/encodings", {st_mode=S_IFDIR|0755, st_size=20480, ...}) = 0
stat("/usr/lib/python3.6/encodings/utf_8.py", {st_mode=S_IFREG|0644, st_size=1005, ...}) = 0
stat("/usr/lib/python3.6/encodings/utf_8.py", {st_mode=S_IFREG|0644, st_size=1005, ...}) = 0
openat(AT_FDCWD, "/usr/lib/python3.6/encodings/__pycache__/utf_8.cpython-36.pyc", O_RDONLY|O_CLOEXEC) = 3
fstat(3, {st_mode=S_IFREG|0644, st_size=1592, ...}) = 0
lseek(3, 0, SEEK_CUR)                   = 0
fstat(3, {st_mode=S_IFREG|0644, st_size=1592, ...}) = 0
read(3, "3\r\r\n4^\232^\355\3\0\0\343\0\0\0\0\0\0\0\0\0\0\0\0\4\0\0\0@\0\0"..., 1593) = 1592
read(3, "", 1)                          = 0
close(3)                                = 0
rt_sigaction(SIGPIPE, {sa_handler=SIG_IGN, sa_mask=[], sa_flags=SA_RESTORER, sa_restorer=0x7f92d8e57f20}, {sa_handler=SIG_DFL, sa_mask=[], sa_flags=0}, 8) = 0
rt_sigaction(SIGXFSZ, {sa_handler=SIG_IGN, sa_mask=[], sa_flags=SA_RESTORER, sa_restorer=0x7f92d8e57f20}, {sa_handler=SIG_DFL, sa_mask=[], sa_flags=0}, 8) = 0
getpid()                                = 4538
rt_sigaction(SIGHUP, NULL, {sa_handler=SIG_DFL, sa_mask=[], sa_flags=0}, 8) = 0
rt_sigaction(SIGINT, NULL, {sa_handler=SIG_DFL, sa_mask=[], sa_flags=0}, 8) = 0
rt_sigaction(SIGQUIT, NULL, {sa_handler=SIG_DFL, sa_mask=[], sa_flags=0}, 8) = 0
rt_sigaction(SIGILL, NULL, {sa_handler=SIG_DFL, sa_mask=[], sa_flags=0}, 8) = 0
rt_sigaction(SIGTRAP, NULL, {sa_handler=SIG_DFL, sa_mask=[], sa_flags=0}, 8) = 0
rt_sigaction(SIGABRT, NULL, {sa_handler=SIG_DFL, sa_mask=[], sa_flags=0}, 8) = 0
rt_sigaction(SIGBUS, NULL, {sa_handler=SIG_DFL, sa_mask=[], sa_flags=0}, 8) = 0
rt_sigaction(SIGFPE, NULL, {sa_handler=SIG_DFL, sa_mask=[], sa_flags=0}, 8) = 0
rt_sigaction(SIGKILL, NULL, {sa_handler=SIG_DFL, sa_mask=[], sa_flags=0}, 8) = 0
rt_sigaction(SIGUSR1, NULL, {sa_handler=SIG_DFL, sa_mask=[], sa_flags=0}, 8) = 0
rt_sigaction(SIGSEGV, NULL, {sa_handler=SIG_DFL, sa_mask=[], sa_flags=0}, 8) = 0
rt_sigaction(SIGUSR2, NULL, {sa_handler=SIG_DFL, sa_mask=[], sa_flags=0}, 8) = 0
rt_sigaction(SIGPIPE, NULL, {sa_handler=SIG_IGN, sa_mask=[], sa_flags=SA_RESTORER, sa_restorer=0x7f92d8e57f20}, 8) = 0
rt_sigaction(SIGALRM, NULL, {sa_handler=SIG_DFL, sa_mask=[], sa_flags=0}, 8) = 0
rt_sigaction(SIGTERM, NULL, {sa_handler=SIG_DFL, sa_mask=[], sa_flags=0}, 8) = 0
rt_sigaction(SIGSTKFLT, NULL, {sa_handler=SIG_DFL, sa_mask=[], sa_flags=0}, 8) = 0
rt_sigaction(SIGCHLD, NULL, {sa_handler=SIG_DFL, sa_mask=[], sa_flags=0}, 8) = 0
rt_sigaction(SIGCONT, NULL, {sa_handler=SIG_DFL, sa_mask=[], sa_flags=0}, 8) = 0
rt_sigaction(SIGSTOP, NULL, {sa_handler=SIG_DFL, sa_mask=[], sa_flags=0}, 8) = 0
rt_sigaction(SIGTSTP, NULL, {sa_handler=SIG_DFL, sa_mask=[], sa_flags=0}, 8) = 0
rt_sigaction(SIGTTIN, NULL, {sa_handler=SIG_DFL, sa_mask=[], sa_flags=0}, 8) = 0
rt_sigaction(SIGTTOU, NULL, {sa_handler=SIG_DFL, sa_mask=[], sa_flags=0}, 8) = 0
rt_sigaction(SIGURG, NULL, {sa_handler=SIG_DFL, sa_mask=[], sa_flags=0}, 8) = 0
rt_sigaction(SIGXCPU, NULL, {sa_handler=SIG_DFL, sa_mask=[], sa_flags=0}, 8) = 0
rt_sigaction(SIGXFSZ, NULL, {sa_handler=SIG_IGN, sa_mask=[], sa_flags=SA_RESTORER, sa_restorer=0x7f92d8e57f20}, 8) = 0
rt_sigaction(SIGVTALRM, NULL, {sa_handler=SIG_DFL, sa_mask=[], sa_flags=0}, 8) = 0
rt_sigaction(SIGPROF, NULL, {sa_handler=SIG_DFL, sa_mask=[], sa_flags=0}, 8) = 0
rt_sigaction(SIGWINCH, NULL, {sa_handler=SIG_DFL, sa_mask=[], sa_flags=0}, 8) = 0
rt_sigaction(SIGIO, NULL, {sa_handler=SIG_DFL, sa_mask=[], sa_flags=0}, 8) = 0
rt_sigaction(SIGPWR, NULL, {sa_handler=SIG_DFL, sa_mask=[], sa_flags=0}, 8) = 0
rt_sigaction(SIGSYS, NULL, {sa_handler=SIG_DFL, sa_mask=[], sa_flags=0}, 8) = 0
rt_sigaction(SIGRT_2, NULL, {sa_handler=SIG_DFL, sa_mask=[], sa_flags=0}, 8) = 0
rt_sigaction(SIGRT_3, NULL, {sa_handler=SIG_DFL, sa_mask=[], sa_flags=0}, 8) = 0
rt_sigaction(SIGRT_4, NULL, {sa_handler=SIG_DFL, sa_mask=[], sa_flags=0}, 8) = 0
rt_sigaction(SIGRT_5, NULL, {sa_handler=SIG_DFL, sa_mask=[], sa_flags=0}, 8) = 0
rt_sigaction(SIGRT_6, NULL, {sa_handler=SIG_DFL, sa_mask=[], sa_flags=0}, 8) = 0
rt_sigaction(SIGRT_7, NULL, {sa_handler=SIG_DFL, sa_mask=[], sa_flags=0}, 8) = 0
rt_sigaction(SIGRT_8, NULL, {sa_handler=SIG_DFL, sa_mask=[], sa_flags=0}, 8) = 0
rt_sigaction(SIGRT_9, NULL, {sa_handler=SIG_DFL, sa_mask=[], sa_flags=0}, 8) = 0
rt_sigaction(SIGRT_10, NULL, {sa_handler=SIG_DFL, sa_mask=[], sa_flags=0}, 8) = 0
rt_sigaction(SIGRT_11, NULL, {sa_handler=SIG_DFL, sa_mask=[], sa_flags=0}, 8) = 0
rt_sigaction(SIGRT_12, NULL, {sa_handler=SIG_DFL, sa_mask=[], sa_flags=0}, 8) = 0
rt_sigaction(SIGRT_13, NULL, {sa_handler=SIG_DFL, sa_mask=[], sa_flags=0}, 8) = 0
rt_sigaction(SIGRT_14, NULL, {sa_handler=SIG_DFL, sa_mask=[], sa_flags=0}, 8) = 0
rt_sigaction(SIGRT_15, NULL, {sa_handler=SIG_DFL, sa_mask=[], sa_flags=0}, 8) = 0
rt_sigaction(SIGRT_16, NULL, {sa_handler=SIG_DFL, sa_mask=[], sa_flags=0}, 8) = 0
rt_sigaction(SIGRT_17, NULL, {sa_handler=SIG_DFL, sa_mask=[], sa_flags=0}, 8) = 0
rt_sigaction(SIGRT_18, NULL, {sa_handler=SIG_DFL, sa_mask=[], sa_flags=0}, 8) = 0
rt_sigaction(SIGRT_19, NULL, {sa_handler=SIG_DFL, sa_mask=[], sa_flags=0}, 8) = 0
rt_sigaction(SIGRT_20, NULL, {sa_handler=SIG_DFL, sa_mask=[], sa_flags=0}, 8) = 0
rt_sigaction(SIGRT_21, NULL, {sa_handler=SIG_DFL, sa_mask=[], sa_flags=0}, 8) = 0
rt_sigaction(SIGRT_22, NULL, {sa_handler=SIG_DFL, sa_mask=[], sa_flags=0}, 8) = 0
rt_sigaction(SIGRT_23, NULL, {sa_handler=SIG_DFL, sa_mask=[], sa_flags=0}, 8) = 0
rt_sigaction(SIGRT_24, NULL, {sa_handler=SIG_DFL, sa_mask=[], sa_flags=0}, 8) = 0
rt_sigaction(SIGRT_25, NULL, {sa_handler=SIG_DFL, sa_mask=[], sa_flags=0}, 8) = 0
rt_sigaction(SIGRT_26, NULL, {sa_handler=SIG_DFL, sa_mask=[], sa_flags=0}, 8) = 0
rt_sigaction(SIGRT_27, NULL, {sa_handler=SIG_DFL, sa_mask=[], sa_flags=0}, 8) = 0
rt_sigaction(SIGRT_28, NULL, {sa_handler=SIG_DFL, sa_mask=[], sa_flags=0}, 8) = 0
rt_sigaction(SIGRT_29, NULL, {sa_handler=SIG_DFL, sa_mask=[], sa_flags=0}, 8) = 0
rt_sigaction(SIGRT_30, NULL, {sa_handler=SIG_DFL, sa_mask=[], sa_flags=0}, 8) = 0
rt_sigaction(SIGRT_31, NULL, {sa_handler=SIG_DFL, sa_mask=[], sa_flags=0}, 8) = 0
rt_sigaction(SIGRT_32, NULL, {sa_handler=SIG_DFL, sa_mask=[], sa_flags=0}, 8) = 0
rt_sigaction(SIGINT, {sa_handler=0x62ffc0, sa_mask=[], sa_flags=SA_RESTORER, sa_restorer=0x7f92d8e57f20}, {sa_handler=SIG_DFL, sa_mask=[], sa_flags=0}, 8) = 0
stat("/usr/lib/python3.6/encodings", {st_mode=S_IFDIR|0755, st_size=20480, ...}) = 0
stat("/usr/lib/python3.6/encodings/latin_1.py", {st_mode=S_IFREG|0644, st_size=1264, ...}) = 0
stat("/usr/lib/python3.6/encodings/latin_1.py", {st_mode=S_IFREG|0644, st_size=1264, ...}) = 0
openat(AT_FDCWD, "/usr/lib/python3.6/encodings/__pycache__/latin_1.cpython-36.pyc", O_RDONLY|O_CLOEXEC) = 3
fstat(3, {st_mode=S_IFREG|0644, st_size=1874, ...}) = 0
lseek(3, 0, SEEK_CUR)                   = 0
fstat(3, {st_mode=S_IFREG|0644, st_size=1874, ...}) = 0
read(3, "3\r\r\n4^\232^\360\4\0\0\343\0\0\0\0\0\0\0\0\0\0\0\0\5\0\0\0@\0\0"..., 1875) = 1874
read(3, "", 1)                          = 0
close(3)                                = 0
stat("/usr/lib/python3.6", {st_mode=S_IFDIR|0755, st_size=20480, ...}) = 0
stat("/usr/lib/python3.6/io.py", {st_mode=S_IFREG|0644, st_size=3517, ...}) = 0
stat("/usr/lib/python3.6/io.py", {st_mode=S_IFREG|0644, st_size=3517, ...}) = 0
openat(AT_FDCWD, "/usr/lib/python3.6/__pycache__/io.cpython-36.pyc", O_RDONLY|O_CLOEXEC) = 3
fstat(3, {st_mode=S_IFREG|0644, st_size=3387, ...}) = 0
lseek(3, 0, SEEK_CUR)                   = 0
fstat(3, {st_mode=S_IFREG|0644, st_size=3387, ...}) = 0
read(3, "3\r\r\n4^\232^\275\r\0\0\343\0\0\0\0\0\0\0\0\0\0\0\0\22\0\0\0@\0\0"..., 3388) = 3387
read(3, "", 1)                          = 0
close(3)                                = 0
stat("/usr/lib/python3.6", {st_mode=S_IFDIR|0755, st_size=20480, ...}) = 0
stat("/usr/lib/python3.6/abc.py", {st_mode=S_IFREG|0644, st_size=8727, ...}) = 0
stat("/usr/lib/python3.6/abc.py", {st_mode=S_IFREG|0644, st_size=8727, ...}) = 0
openat(AT_FDCWD, "/usr/lib/python3.6/__pycache__/abc.cpython-36.pyc", O_RDONLY|O_CLOEXEC) = 3
fstat(3, {st_mode=S_IFREG|0644, st_size=7515, ...}) = 0
lseek(3, 0, SEEK_CUR)                   = 0
fstat(3, {st_mode=S_IFREG|0644, st_size=7515, ...}) = 0
read(3, "3\r\r\n4^\232^\27\"\0\0\343\0\0\0\0\0\0\0\0\0\0\0\0\5\0\0\0@\0\0"..., 7516) = 7515
read(3, "", 1)                          = 0
close(3)                                = 0
stat("/usr/lib/python3.6", {st_mode=S_IFDIR|0755, st_size=20480, ...}) = 0
stat("/usr/lib/python3.6/_weakrefset.py", {st_mode=S_IFREG|0644, st_size=5705, ...}) = 0
stat("/usr/lib/python3.6/_weakrefset.py", {st_mode=S_IFREG|0644, st_size=5705, ...}) = 0
openat(AT_FDCWD, "/usr/lib/python3.6/__pycache__/_weakrefset.cpython-36.pyc", O_RDONLY|O_CLOEXEC) = 3
fstat(3, {st_mode=S_IFREG|0644, st_size=7828, ...}) = 0
lseek(3, 0, SEEK_CUR)                   = 0
fstat(3, {st_mode=S_IFREG|0644, st_size=7828, ...}) = 0
read(3, "3\r\r\n4^\232^I\26\0\0\343\0\0\0\0\0\0\0\0\0\0\0\0\3\0\0\0@\0\0"..., 7829) = 7828
read(3, "", 1)                          = 0
close(3)                                = 0
dup(0)                                  = 3
close(3)                                = 0
fstat(0, {st_mode=S_IFCHR|0620, st_rdev=makedev(136, 0), ...}) = 0
ioctl(0, TCGETS, {B38400 opost isig icanon echo ...}) = 0
lseek(0, 0, SEEK_CUR)                   = -1 ESPIPE (Illegal seek)
ioctl(0, TCGETS, {B38400 opost isig icanon echo ...}) = 0
ioctl(0, TCGETS, {B38400 opost isig icanon echo ...}) = 0
lseek(0, 0, SEEK_CUR)                   = -1 ESPIPE (Illegal seek)
dup(1)                                  = 3
close(3)                                = 0
fstat(1, {st_mode=S_IFCHR|0620, st_rdev=makedev(136, 0), ...}) = 0
ioctl(1, TCGETS, {B38400 opost isig icanon echo ...}) = 0
lseek(1, 0, SEEK_CUR)                   = -1 ESPIPE (Illegal seek)
ioctl(1, TCGETS, {B38400 opost isig icanon echo ...}) = 0
ioctl(1, TCGETS, {B38400 opost isig icanon echo ...}) = 0
lseek(1, 0, SEEK_CUR)                   = -1 ESPIPE (Illegal seek)
dup(2)                                  = 3
close(3)                                = 0
fstat(2, {st_mode=S_IFCHR|0620, st_rdev=makedev(136, 0), ...}) = 0
ioctl(2, TCGETS, {B38400 opost isig icanon echo ...}) = 0
lseek(2, 0, SEEK_CUR)                   = -1 ESPIPE (Illegal seek)
ioctl(2, TCGETS, {B38400 opost isig icanon echo ...}) = 0
ioctl(2, TCGETS, {B38400 opost isig icanon echo ...}) = 0
lseek(2, 0, SEEK_CUR)                   = -1 ESPIPE (Illegal seek)
stat("/usr/lib/python3.6", {st_mode=S_IFDIR|0755, st_size=20480, ...}) = 0
stat("/usr/lib/python3.6/site.py", {st_mode=S_IFREG|0644, st_size=21766, ...}) = 0
stat("/usr/lib/python3.6/site.py", {st_mode=S_IFREG|0644, st_size=21766, ...}) = 0
openat(AT_FDCWD, "/usr/lib/python3.6/__pycache__/site.cpython-36.pyc", O_RDONLY|O_CLOEXEC) = 3
fstat(3, {st_mode=S_IFREG|0644, st_size=16560, ...}) = 0
lseek(3, 0, SEEK_CUR)                   = 0
fstat(3, {st_mode=S_IFREG|0644, st_size=16560, ...}) = 0
brk(0x24ab000)                          = 0x24ab000
read(3, "3\r\r\n4^\232^\6U\0\0\343\0\0\0\0\0\0\0\0\0\0\0\0\3\0\0\0@\0\0"..., 16561) = 16560
read(3, "", 1)                          = 0
close(3)                                = 0
mmap(NULL, 262144, PROT_READ|PROT_WRITE, MAP_PRIVATE|MAP_ANONYMOUS, -1, 0) = 0x7f92d92d4000
stat("/usr/lib/python3.6", {st_mode=S_IFDIR|0755, st_size=20480, ...}) = 0
stat("/usr/lib/python3.6/os.py", {st_mode=S_IFREG|0644, st_size=37526, ...}) = 0
stat("/usr/lib/python3.6/os.py", {st_mode=S_IFREG|0644, st_size=37526, ...}) = 0
openat(AT_FDCWD, "/usr/lib/python3.6/__pycache__/os.cpython-36.pyc", O_RDONLY|O_CLOEXEC) = 3
fstat(3, {st_mode=S_IFREG|0644, st_size=29628, ...}) = 0
lseek(3, 0, SEEK_CUR)                   = 0
fstat(3, {st_mode=S_IFREG|0644, st_size=29628, ...}) = 0
read(3, "3\r\r\n4^\232^\226\222\0\0\343\0\0\0\0\0\0\0\0\0\0\0\0000\0\0\0@\0\0"..., 29629) = 29628
read(3, "", 1)                          = 0
close(3)                                = 0
stat("/usr/lib/python3.6", {st_mode=S_IFDIR|0755, st_size=20480, ...}) = 0
stat("/usr/lib/python3.6/stat.py", {st_mode=S_IFREG|0644, st_size=5038, ...}) = 0
stat("/usr/lib/python3.6/stat.py", {st_mode=S_IFREG|0644, st_size=5038, ...}) = 0
openat(AT_FDCWD, "/usr/lib/python3.6/__pycache__/stat.cpython-36.pyc", O_RDONLY|O_CLOEXEC) = 3
fstat(3, {st_mode=S_IFREG|0644, st_size=3851, ...}) = 0
lseek(3, 0, SEEK_CUR)                   = 0
fstat(3, {st_mode=S_IFREG|0644, st_size=3851, ...}) = 0
read(3, "3\r\r\n4^\232^\256\23\0\0\343\0\0\0\0\0\0\0\0\0\0\0\0\r\0\0\0@\0\0"..., 3852) = 3851
read(3, "", 1)                          = 0
close(3)                                = 0
stat("/usr/lib/python3.6", {st_mode=S_IFDIR|0755, st_size=20480, ...}) = 0
stat("/usr/lib/python3.6/posixpath.py", {st_mode=S_IFREG|0644, st_size=15772, ...}) = 0
stat("/usr/lib/python3.6/posixpath.py", {st_mode=S_IFREG|0644, st_size=15772, ...}) = 0
openat(AT_FDCWD, "/usr/lib/python3.6/__pycache__/posixpath.cpython-36.pyc", O_RDONLY|O_CLOEXEC) = 3
fstat(3, {st_mode=S_IFREG|0644, st_size=10423, ...}) = 0
lseek(3, 0, SEEK_CUR)                   = 0
fstat(3, {st_mode=S_IFREG|0644, st_size=10423, ...}) = 0
read(3, "3\r\r\n4^\232^\234=\0\0\343\0\0\0\0\0\0\0\0\0\0\0\0&\0\0\0@\0\0"..., 10424) = 10423
read(3, "", 1)                          = 0
close(3)                                = 0
stat("/usr/lib/python3.6", {st_mode=S_IFDIR|0755, st_size=20480, ...}) = 0
stat("/usr/lib/python3.6/genericpath.py", {st_mode=S_IFREG|0644, st_size=4756, ...}) = 0
stat("/usr/lib/python3.6/genericpath.py", {st_mode=S_IFREG|0644, st_size=4756, ...}) = 0
openat(AT_FDCWD, "/usr/lib/python3.6/__pycache__/genericpath.cpython-36.pyc", O_RDONLY|O_CLOEXEC) = 3
fstat(3, {st_mode=S_IFREG|0644, st_size=3726, ...}) = 0
lseek(3, 0, SEEK_CUR)                   = 0
fstat(3, {st_mode=S_IFREG|0644, st_size=3726, ...}) = 0
read(3, "3\r\r\n4^\232^\224\22\0\0\343\0\0\0\0\0\0\0\0\0\0\0\0\v\0\0\0@\0\0"..., 3727) = 3726
read(3, "", 1)                          = 0
close(3)                                = 0
stat("/usr/lib/python3.6", {st_mode=S_IFDIR|0755, st_size=20480, ...}) = 0
stat("/usr/lib/python3.6/_collections_abc.py", {st_mode=S_IFREG|0644, st_size=26392, ...}) = 0
stat("/usr/lib/python3.6/_collections_abc.py", {st_mode=S_IFREG|0644, st_size=26392, ...}) = 0
openat(AT_FDCWD, "/usr/lib/python3.6/__pycache__/_collections_abc.cpython-36.pyc", O_RDONLY|O_CLOEXEC) = 3
fstat(3, {st_mode=S_IFREG|0644, st_size=28797, ...}) = 0
lseek(3, 0, SEEK_CUR)                   = 0
fstat(3, {st_mode=S_IFREG|0644, st_size=28797, ...}) = 0
read(3, "3\r\r\n4^\232^\30g\0\0\343\0\0\0\0\0\0\0\0\0\0\0\0\31\0\0\0@\0\0"..., 28798) = 28797
read(3, "", 1)                          = 0
close(3)                                = 0
mmap(NULL, 151552, PROT_READ|PROT_WRITE, MAP_PRIVATE|MAP_ANONYMOUS, -1, 0) = 0x7f92d92af000
mmap(NULL, 262144, PROT_READ|PROT_WRITE, MAP_PRIVATE|MAP_ANONYMOUS, -1, 0) = 0x7f92d926f000
munmap(0x7f92d926f000, 262144)          = 0
mmap(NULL, 262144, PROT_READ|PROT_WRITE, MAP_PRIVATE|MAP_ANONYMOUS, -1, 0) = 0x7f92d926f000
munmap(0x7f92d926f000, 262144)          = 0
mmap(NULL, 262144, PROT_READ|PROT_WRITE, MAP_PRIVATE|MAP_ANONYMOUS, -1, 0) = 0x7f92d926f000
stat("/usr/lib/python3.6", {st_mode=S_IFDIR|0755, st_size=20480, ...}) = 0
stat("/usr/lib/python3.6/_sitebuiltins.py", {st_mode=S_IFREG|0644, st_size=3115, ...}) = 0
stat("/usr/lib/python3.6/_sitebuiltins.py", {st_mode=S_IFREG|0644, st_size=3115, ...}) = 0
openat(AT_FDCWD, "/usr/lib/python3.6/__pycache__/_sitebuiltins.cpython-36.pyc", O_RDONLY|O_CLOEXEC) = 3
fstat(3, {st_mode=S_IFREG|0644, st_size=3435, ...}) = 0
lseek(3, 0, SEEK_CUR)                   = 0
fstat(3, {st_mode=S_IFREG|0644, st_size=3435, ...}) = 0
read(3, "3\r\r\n4^\232^+\f\0\0\343\0\0\0\0\0\0\0\0\0\0\0\0\4\0\0\0@\0\0"..., 3436) = 3435
read(3, "", 1)                          = 0
close(3)                                = 0
stat("/usr/bin/pyvenv.cfg", 0x7ffcca9ffb70) = -1 ENOENT (No such file or directory)
stat("/usr/pyvenv.cfg", 0x7ffcca9ffb70) = -1 ENOENT (No such file or directory)
geteuid()                               = 1000
getuid()                                = 1000
getegid()                               = 1000
getgid()                                = 1000
stat("/usr/lib/python3.6", {st_mode=S_IFDIR|0755, st_size=20480, ...}) = 0
stat("/usr/lib/python3.6/sysconfig.py", {st_mode=S_IFREG|0644, st_size=25057, ...}) = 0
stat("/usr/lib/python3.6/sysconfig.py", {st_mode=S_IFREG|0644, st_size=25057, ...}) = 0
openat(AT_FDCWD, "/usr/lib/python3.6/__pycache__/sysconfig.cpython-36.pyc", O_RDONLY|O_CLOEXEC) = 3
fstat(3, {st_mode=S_IFREG|0644, st_size=15916, ...}) = 0
lseek(3, 0, SEEK_CUR)                   = 0
fstat(3, {st_mode=S_IFREG|0644, st_size=15916, ...}) = 0
read(3, "3\r\r\n4^\232^\341a\0\0\343\0\0\0\0\0\0\0\0\0\0\0\0\r\0\0\0@\0\0"..., 15917) = 15916
read(3, "", 1)                          = 0
close(3)                                = 0
lstat("/usr", {st_mode=S_IFDIR|0755, st_size=4096, ...}) = 0
lstat("/usr/bin", {st_mode=S_IFDIR|0755, st_size=53248, ...}) = 0
lstat("/usr/bin/python3", {st_mode=S_IFLNK|0777, st_size=9, ...}) = 0
readlink("/usr/bin/python3", "python3.6", 4096) = 9
lstat("/usr/bin/python3.6", {st_mode=S_IFREG|0755, st_size=4526456, ...}) = 0
stat("/usr/bin/Modules/Setup.dist", 0x7ffcca9fe660) = -1 ENOENT (No such file or directory)
stat("/usr/bin/Modules/Setup.local", 0x7ffcca9fe660) = -1 ENOENT (No such file or directory)
stat("/usr/lib/python3.6", {st_mode=S_IFDIR|0755, st_size=20480, ...}) = 0
stat("/usr/lib/python3.6/_sysconfigdata_m_linux_x86_64-linux-gnu.py", {st_mode=S_IFREG|0644, st_size=22325, ...}) = 0
stat("/usr/lib/python3.6/_sysconfigdata_m_linux_x86_64-linux-gnu.py", {st_mode=S_IFREG|0644, st_size=22325, ...}) = 0
openat(AT_FDCWD, "/usr/lib/python3.6/__pycache__/_sysconfigdata_m_linux_x86_64-linux-gnu.cpython-36.pyc", O_RDONLY|O_CLOEXEC) = 3
fstat(3, {st_mode=S_IFREG|0644, st_size=18779, ...}) = 0
lseek(3, 0, SEEK_CUR)                   = 0
fstat(3, {st_mode=S_IFREG|0644, st_size=18779, ...}) = 0
read(3, "3\r\r\n4^\232^5W\0\0\343\0\0\0\0\0\0\0\0\0\0\0\0\203\2\0\0@\0\0"..., 18780) = 18779
read(3, "", 1)                          = 0
close(3)                                = 0
brk(0x24cc000)                          = 0x24cc000
brk(0x24c8000)                          = 0x24c8000
lstat("/usr", {st_mode=S_IFDIR|0755, st_size=4096, ...}) = 0
lstat("/usr/lib", {st_mode=S_IFDIR|0755, st_size=4096, ...}) = 0
lstat("/usr/lib/python3.6", {st_mode=S_IFDIR|0755, st_size=20480, ...}) = 0
lstat("/usr/lib/python3.6/config-3.6m-x86_64-linux-gnu", {st_mode=S_IFDIR|0755, st_size=4096, ...}) = 0
stat("/home/eclair-mickey/.local/lib/python3.6/site-packages", {st_mode=S_IFDIR|0700, st_size=4096, ...}) = 0
openat(AT_FDCWD, "/home/eclair-mickey/.local/lib/python3.6/site-packages", O_RDONLY|O_NONBLOCK|O_CLOEXEC|O_DIRECTORY) = 3
fstat(3, {st_mode=S_IFDIR|0700, st_size=4096, ...}) = 0
getdents(3, /* 34 entries */, 32768)    = 1336
getdents(3, /* 0 entries */, 32768)     = 0
close(3)                                = 0
stat("/usr/local/lib/python3.6/dist-packages", {st_mode=S_IFDIR|S_ISGID|0775, st_size=4096, ...}) = 0
openat(AT_FDCWD, "/usr/local/lib/python3.6/dist-packages", O_RDONLY|O_NONBLOCK|O_CLOEXEC|O_DIRECTORY) = 3
fstat(3, {st_mode=S_IFDIR|S_ISGID|0775, st_size=4096, ...}) = 0
getdents(3, /* 2 entries */, 32768)     = 48
getdents(3, /* 0 entries */, 32768)     = 0
close(3)                                = 0
stat("/usr/lib/python3/dist-packages", {st_mode=S_IFDIR|0755, st_size=12288, ...}) = 0
openat(AT_FDCWD, "/usr/lib/python3/dist-packages", O_RDONLY|O_NONBLOCK|O_CLOEXEC|O_DIRECTORY) = 3
fstat(3, {st_mode=S_IFDIR|0755, st_size=12288, ...}) = 0
getdents(3, /* 164 entries */, 32768)   = 6712
getdents(3, /* 0 entries */, 32768)     = 0
close(3)                                = 0
openat(AT_FDCWD, "/usr/lib/python3/dist-packages/zope.interface-4.3.2-nspkg.pth", O_RDONLY|O_CLOEXEC) = 3
fstat(3, {st_mode=S_IFREG|0644, st_size=529, ...}) = 0
ioctl(3, TCGETS, 0x7ffcca9ff7a0)        = -1 ENOTTY (Inappropriate ioctl for device)
lseek(3, 0, SEEK_CUR)                   = 0
ioctl(3, TCGETS, 0x7ffcca9ff770)        = -1 ENOTTY (Inappropriate ioctl for device)
stat("/usr/lib/python3.6", {st_mode=S_IFDIR|0755, st_size=20480, ...}) = 0
stat("/usr/lib/python3.6/_bootlocale.py", {st_mode=S_IFREG|0644, st_size=1301, ...}) = 0
stat("/usr/lib/python3.6/_bootlocale.py", {st_mode=S_IFREG|0644, st_size=1301, ...}) = 0
openat(AT_FDCWD, "/usr/lib/python3.6/__pycache__/_bootlocale.cpython-36.pyc", O_RDONLY|O_CLOEXEC) = 4
fstat(4, {st_mode=S_IFREG|0644, st_size=980, ...}) = 0
lseek(4, 0, SEEK_CUR)                   = 0
fstat(4, {st_mode=S_IFREG|0644, st_size=980, ...}) = 0
read(4, "3\r\r\n4^\232^\25\5\0\0\343\0\0\0\0\0\0\0\0\0\0\0\0\v\0\0\0@\0\0"..., 981) = 980
read(4, "", 1)                          = 0
close(4)                                = 0
lseek(3, 0, SEEK_CUR)                   = 0
read(3, "import sys, types, os;has_mfs = "..., 8192) = 529
mmap(NULL, 262144, PROT_READ|PROT_WRITE, MAP_PRIVATE|MAP_ANONYMOUS, -1, 0) = 0x7f92d74f7000
munmap(0x7f92d74f7000, 262144)          = 0
stat("/usr/lib/python3.6", {st_mode=S_IFDIR|0755, st_size=20480, ...}) = 0
stat("/usr/lib/python3.6/types.py", {st_mode=S_IFREG|0644, st_size=8870, ...}) = 0
stat("/usr/lib/python3.6/types.py", {st_mode=S_IFREG|0644, st_size=8870, ...}) = 0
openat(AT_FDCWD, "/usr/lib/python3.6/__pycache__/types.cpython-36.pyc", O_RDONLY|O_CLOEXEC) = 4
fstat(4, {st_mode=S_IFREG|0644, st_size=8201, ...}) = 0
lseek(4, 0, SEEK_CUR)                   = 0
fstat(4, {st_mode=S_IFREG|0644, st_size=8201, ...}) = 0
read(4, "3\r\r\n4^\232^\246\"\0\0\343\0\0\0\0\0\0\0\0\0\0\0\0\v\0\0\0@\0\0"..., 8202) = 8201
read(4, "", 1)                          = 0
close(4)                                = 0
mmap(NULL, 262144, PROT_READ|PROT_WRITE, MAP_PRIVATE|MAP_ANONYMOUS, -1, 0) = 0x7f92d74f7000
munmap(0x7f92d74f7000, 262144)          = 0
mmap(NULL, 262144, PROT_READ|PROT_WRITE, MAP_PRIVATE|MAP_ANONYMOUS, -1, 0) = 0x7f92d74f7000
munmap(0x7f92d74f7000, 262144)          = 0
stat("/usr/lib/python3.6", {st_mode=S_IFDIR|0755, st_size=20480, ...}) = 0
stat("/usr/lib/python3.6/functools.py", {st_mode=S_IFREG|0644, st_size=31346, ...}) = 0
mmap(NULL, 262144, PROT_READ|PROT_WRITE, MAP_PRIVATE|MAP_ANONYMOUS, -1, 0) = 0x7f92d74f7000
munmap(0x7f92d74f7000, 262144)          = 0
mmap(NULL, 262144, PROT_READ|PROT_WRITE, MAP_PRIVATE|MAP_ANONYMOUS, -1, 0) = 0x7f92d74f7000
munmap(0x7f92d74f7000, 262144)          = 0
mmap(NULL, 262144, PROT_READ|PROT_WRITE, MAP_PRIVATE|MAP_ANONYMOUS, -1, 0) = 0x7f92d74f7000
stat("/usr/lib/python3.6/functools.py", {st_mode=S_IFREG|0644, st_size=31346, ...}) = 0
openat(AT_FDCWD, "/usr/lib/python3.6/__pycache__/functools.cpython-36.pyc", O_RDONLY|O_CLOEXEC) = 4
fstat(4, {st_mode=S_IFREG|0644, st_size=24062, ...}) = 0
lseek(4, 0, SEEK_CUR)                   = 0
fstat(4, {st_mode=S_IFREG|0644, st_size=24062, ...}) = 0
read(4, "3\r\r\n4^\232^rz\0\0\343\0\0\0\0\0\0\0\0\0\0\0\0+\0\0\0@\0\0"..., 24063) = 24062
read(4, "", 1)                          = 0
close(4)                                = 0
stat("/usr/lib/python3.6", {st_mode=S_IFDIR|0755, st_size=20480, ...}) = 0
stat("/usr/lib/python3.6/collections/__init__.cpython-36m-x86_64-linux-gnu.so", 0x7ffcca9fc070) = -1 ENOENT (No such file or directory)
stat("/usr/lib/python3.6/collections/__init__.abi3.so", 0x7ffcca9fc070) = -1 ENOENT (No such file or directory)
stat("/usr/lib/python3.6/collections/__init__.so", 0x7ffcca9fc070) = -1 ENOENT (No such file or directory)
stat("/usr/lib/python3.6/collections/__init__.py", {st_mode=S_IFREG|0644, st_size=45812, ...}) = 0
stat("/usr/lib/python3.6/collections/__init__.py", {st_mode=S_IFREG|0644, st_size=45812, ...}) = 0
openat(AT_FDCWD, "/usr/lib/python3.6/collections/__pycache__/__init__.cpython-36.pyc", O_RDONLY|O_CLOEXEC) = 4
fstat(4, {st_mode=S_IFREG|0644, st_size=45816, ...}) = 0
lseek(4, 0, SEEK_CUR)                   = 0
fstat(4, {st_mode=S_IFREG|0644, st_size=45816, ...}) = 0
brk(0x24ea000)                          = 0x24ea000
read(4, "3\r\r\n4^\232^\364\262\0\0\343\0\0\0\0\0\0\0\0\0\0\0\0$\0\0\0@\0\0"..., 45817) = 45816
read(4, "", 1)                          = 0
close(4)                                = 0
brk(0x24df000)                          = 0x24df000
stat("/usr/lib/python3.6", {st_mode=S_IFDIR|0755, st_size=20480, ...}) = 0
stat("/usr/lib/python3.6/operator.py", {st_mode=S_IFREG|0644, st_size=10863, ...}) = 0
stat("/usr/lib/python3.6/operator.py", {st_mode=S_IFREG|0644, st_size=10863, ...}) = 0
openat(AT_FDCWD, "/usr/lib/python3.6/__pycache__/operator.cpython-36.pyc", O_RDONLY|O_CLOEXEC) = 4
fstat(4, {st_mode=S_IFREG|0644, st_size=13913, ...}) = 0
lseek(4, 0, SEEK_CUR)                   = 0
fstat(4, {st_mode=S_IFREG|0644, st_size=13913, ...}) = 0
read(4, "3\r\r\n4^\232^o*\0\0\343\0\0\0\0\0\0\0\0\0\0\0\0006\0\0\0@\0\0"..., 13914) = 13913
read(4, "", 1)                          = 0
close(4)                                = 0
mmap(NULL, 262144, PROT_READ|PROT_WRITE, MAP_PRIVATE|MAP_ANONYMOUS, -1, 0) = 0x7f92d74b7000
stat("/usr/lib/python3.6", {st_mode=S_IFDIR|0755, st_size=20480, ...}) = 0
stat("/usr/lib/python3.6/keyword.py", {st_mode=S_IFREG|0755, st_size=2209, ...}) = 0
stat("/usr/lib/python3.6/keyword.py", {st_mode=S_IFREG|0755, st_size=2209, ...}) = 0
openat(AT_FDCWD, "/usr/lib/python3.6/__pycache__/keyword.cpython-36.pyc", O_RDONLY|O_CLOEXEC) = 4
fstat(4, {st_mode=S_IFREG|0644, st_size=1765, ...}) = 0
lseek(4, 0, SEEK_CUR)                   = 0
fstat(4, {st_mode=S_IFREG|0644, st_size=1765, ...}) = 0
read(4, "3\r\r\n4^\232^\241\10\0\0\343\0\0\0\0\0\0\0\0\0\0\0\0!\0\0\0@\0\0"..., 1766) = 1765
read(4, "", 1)                          = 0
close(4)                                = 0
stat("/usr/lib/python3.6", {st_mode=S_IFDIR|0755, st_size=20480, ...}) = 0
stat("/usr/lib/python3.6/heapq.py", {st_mode=S_IFREG|0644, st_size=22929, ...}) = 0
stat("/usr/lib/python3.6/heapq.py", {st_mode=S_IFREG|0644, st_size=22929, ...}) = 0
openat(AT_FDCWD, "/usr/lib/python3.6/__pycache__/heapq.cpython-36.pyc", O_RDONLY|O_CLOEXEC) = 4
fstat(4, {st_mode=S_IFREG|0644, st_size=14292, ...}) = 0
lseek(4, 0, SEEK_CUR)                   = 0
fstat(4, {st_mode=S_IFREG|0644, st_size=14292, ...}) = 0
read(4, "3\r\r\n4^\232^\221Y\0\0\343\0\0\0\0\0\0\0\0\0\0\0\0#\0\0\0@\0\0"..., 14293) = 14292
read(4, "", 1)                          = 0
close(4)                                = 0
stat("/usr/lib/python3.6", {st_mode=S_IFDIR|0755, st_size=20480, ...}) = 0
stat("/usr/lib/python3.6/reprlib.py", {st_mode=S_IFREG|0644, st_size=5336, ...}) = 0
stat("/usr/lib/python3.6/reprlib.py", {st_mode=S_IFREG|0644, st_size=5336, ...}) = 0
openat(AT_FDCWD, "/usr/lib/python3.6/__pycache__/reprlib.cpython-36.pyc", O_RDONLY|O_CLOEXEC) = 4
fstat(4, {st_mode=S_IFREG|0644, st_size=5400, ...}) = 0
lseek(4, 0, SEEK_CUR)                   = 0
fstat(4, {st_mode=S_IFREG|0644, st_size=5400, ...}) = 0
read(4, "3\r\r\n4^\232^\330\24\0\0\343\0\0\0\0\0\0\0\0\0\0\0\0\v\0\0\0@\0\0"..., 5401) = 5400
read(4, "", 1)                          = 0
close(4)                                = 0
stat("/usr/lib/python3.6", {st_mode=S_IFDIR|0755, st_size=20480, ...}) = 0
stat("/usr/lib/python3.6/weakref.py", {st_mode=S_IFREG|0644, st_size=20466, ...}) = 0
stat("/usr/lib/python3.6/weakref.py", {st_mode=S_IFREG|0644, st_size=20466, ...}) = 0
openat(AT_FDCWD, "/usr/lib/python3.6/__pycache__/weakref.cpython-36.pyc", O_RDONLY|O_CLOEXEC) = 4
fstat(4, {st_mode=S_IFREG|0644, st_size=19143, ...}) = 0
lseek(4, 0, SEEK_CUR)                   = 0
fstat(4, {st_mode=S_IFREG|0644, st_size=19143, ...}) = 0
read(4, "3\r\r\n4^\232^\362O\0\0\343\0\0\0\0\0\0\0\0\0\0\0\0\r\0\0\0@\0\0"..., 19144) = 19143
read(4, "", 1)                          = 0
close(4)                                = 0
stat("/usr/lib/python3.6/collections", {st_mode=S_IFDIR|0755, st_size=4096, ...}) = 0
stat("/usr/lib/python3.6/collections", {st_mode=S_IFDIR|0755, st_size=4096, ...}) = 0
stat("/usr/lib/python3.6/collections", {st_mode=S_IFDIR|0755, st_size=4096, ...}) = 0
openat(AT_FDCWD, "/usr/lib/python3.6/collections", O_RDONLY|O_NONBLOCK|O_CLOEXEC|O_DIRECTORY) = 4
fstat(4, {st_mode=S_IFDIR|0755, st_size=4096, ...}) = 0
getdents(4, /* 5 entries */, 32768)     = 144
getdents(4, /* 0 entries */, 32768)     = 0
close(4)                                = 0
stat("/usr/lib/python3.6/collections/abc.py", {st_mode=S_IFREG|0644, st_size=68, ...}) = 0
stat("/usr/lib/python3.6/collections/abc.py", {st_mode=S_IFREG|0644, st_size=68, ...}) = 0
openat(AT_FDCWD, "/usr/lib/python3.6/collections/__pycache__/abc.cpython-36.pyc", O_RDONLY|O_CLOEXEC) = 4
fstat(4, {st_mode=S_IFREG|0644, st_size=183, ...}) = 0
lseek(4, 0, SEEK_CUR)                   = 0
fstat(4, {st_mode=S_IFREG|0644, st_size=183, ...}) = 0
read(4, "3\r\r\n4^\232^D\0\0\0\343\0\0\0\0\0\0\0\0\0\0\0\0\2\0\0\0@\0\0"..., 184) = 183
read(4, "", 1)                          = 0
close(4)                                = 0
stat("/usr/lib/python3.6", {st_mode=S_IFDIR|0755, st_size=20480, ...}) = 0
stat("/usr/lib/python3.6/importlib/__init__.cpython-36m-x86_64-linux-gnu.so", 0x7ffcca9fd540) = -1 ENOENT (No such file or directory)
stat("/usr/lib/python3.6/importlib/__init__.abi3.so", 0x7ffcca9fd540) = -1 ENOENT (No such file or directory)
stat("/usr/lib/python3.6/importlib/__init__.so", 0x7ffcca9fd540) = -1 ENOENT (No such file or directory)
stat("/usr/lib/python3.6/importlib/__init__.py", {st_mode=S_IFREG|0644, st_size=5870, ...}) = 0
stat("/usr/lib/python3.6/importlib/__init__.py", {st_mode=S_IFREG|0644, st_size=5870, ...}) = 0
openat(AT_FDCWD, "/usr/lib/python3.6/importlib/__pycache__/__init__.cpython-36.pyc", O_RDONLY|O_CLOEXEC) = 4
fstat(4, {st_mode=S_IFREG|0644, st_size=3600, ...}) = 0
lseek(4, 0, SEEK_CUR)                   = 0
fstat(4, {st_mode=S_IFREG|0644, st_size=3600, ...}) = 0
read(4, "3\r\r\n4^\232^\356\26\0\0\343\0\0\0\0\0\0\0\0\0\0\0\0#\0\0\0@\0\0"..., 3601) = 3600
read(4, "", 1)                          = 0
close(4)                                = 0
stat("/usr/lib/python3.6", {st_mode=S_IFDIR|0755, st_size=20480, ...}) = 0
stat("/usr/lib/python3.6/warnings.py", {st_mode=S_IFREG|0644, st_size=18488, ...}) = 0
stat("/usr/lib/python3.6/warnings.py", {st_mode=S_IFREG|0644, st_size=18488, ...}) = 0
openat(AT_FDCWD, "/usr/lib/python3.6/__pycache__/warnings.cpython-36.pyc", O_RDONLY|O_CLOEXEC) = 4
fstat(4, {st_mode=S_IFREG|0644, st_size=13258, ...}) = 0
lseek(4, 0, SEEK_CUR)                   = 0
fstat(4, {st_mode=S_IFREG|0644, st_size=13258, ...}) = 0
read(4, "3\r\r\n4^\232^8H\0\0\343\0\0\0\0\0\0\0\0\0\0\0\0\r\0\0\0@\0\0"..., 13259) = 13258
read(4, "", 1)                          = 0
close(4)                                = 0
stat("/usr/lib/python3.6/importlib", {st_mode=S_IFDIR|0755, st_size=4096, ...}) = 0
stat("/usr/lib/python3.6/importlib", {st_mode=S_IFDIR|0755, st_size=4096, ...}) = 0
stat("/usr/lib/python3.6/importlib", {st_mode=S_IFDIR|0755, st_size=4096, ...}) = 0
openat(AT_FDCWD, "/usr/lib/python3.6/importlib", O_RDONLY|O_NONBLOCK|O_CLOEXEC|O_DIRECTORY) = 4
fstat(4, {st_mode=S_IFDIR|0755, st_size=4096, ...}) = 0
getdents(4, /* 9 entries */, 32768)     = 296
getdents(4, /* 0 entries */, 32768)     = 0
close(4)                                = 0
stat("/usr/lib/python3.6/importlib/util.py", {st_mode=S_IFREG|0644, st_size=10883, ...}) = 0
stat("/usr/lib/python3.6/importlib/util.py", {st_mode=S_IFREG|0644, st_size=10883, ...}) = 0
openat(AT_FDCWD, "/usr/lib/python3.6/importlib/__pycache__/util.cpython-36.pyc", O_RDONLY|O_CLOEXEC) = 4
fstat(4, {st_mode=S_IFREG|0644, st_size=8900, ...}) = 0
lseek(4, 0, SEEK_CUR)                   = 0
fstat(4, {st_mode=S_IFREG|0644, st_size=8900, ...}) = 0
read(4, "3\r\r\n4^\232^\203*\0\0\343\0\0\0\0\0\0\0\0\0\0\0\0\4\0\0\0@\0\0"..., 8901) = 8900
read(4, "", 1)                          = 0
close(4)                                = 0
stat("/usr/lib/python3.6/importlib", {st_mode=S_IFDIR|0755, st_size=4096, ...}) = 0
stat("/usr/lib/python3.6/importlib/abc.py", {st_mode=S_IFREG|0644, st_size=10782, ...}) = 0
stat("/usr/lib/python3.6/importlib/abc.py", {st_mode=S_IFREG|0644, st_size=10782, ...}) = 0
openat(AT_FDCWD, "/usr/lib/python3.6/importlib/__pycache__/abc.cpython-36.pyc", O_RDONLY|O_CLOEXEC) = 4
fstat(4, {st_mode=S_IFREG|0644, st_size=11293, ...}) = 0
lseek(4, 0, SEEK_CUR)                   = 0
fstat(4, {st_mode=S_IFREG|0644, st_size=11293, ...}) = 0
read(4, "3\r\r\n4^\232^\36*\0\0\343\0\0\0\0\0\0\0\0\0\0\0\0\"\0\0\0@\0\0"..., 11294) = 11293
read(4, "", 1)                          = 0
close(4)                                = 0
stat("/usr/lib/python3.6/importlib", {st_mode=S_IFDIR|0755, st_size=4096, ...}) = 0
stat("/usr/lib/python3.6/importlib/machinery.py", {st_mode=S_IFREG|0644, st_size=844, ...}) = 0
stat("/usr/lib/python3.6/importlib/machinery.py", {st_mode=S_IFREG|0644, st_size=844, ...}) = 0
openat(AT_FDCWD, "/usr/lib/python3.6/importlib/__pycache__/machinery.cpython-36.pyc", O_RDONLY|O_CLOEXEC) = 4
fstat(4, {st_mode=S_IFREG|0644, st_size=950, ...}) = 0
lseek(4, 0, SEEK_CUR)                   = 0
fstat(4, {st_mode=S_IFREG|0644, st_size=950, ...}) = 0
read(4, "3\r\r\n4^\232^L\3\0\0\343\0\0\0\0\0\0\0\0\0\0\0\0\2\0\0\0@\0\0"..., 951) = 950
read(4, "", 1)                          = 0
close(4)                                = 0
stat("/usr/lib/python3.6", {st_mode=S_IFDIR|0755, st_size=20480, ...}) = 0
stat("/usr/lib/python3.6/contextlib.py", {st_mode=S_IFREG|0644, st_size=13162, ...}) = 0
stat("/usr/lib/python3.6/contextlib.py", {st_mode=S_IFREG|0644, st_size=13162, ...}) = 0
openat(AT_FDCWD, "/usr/lib/python3.6/__pycache__/contextlib.cpython-36.pyc", O_RDONLY|O_CLOEXEC) = 4
fstat(4, {st_mode=S_IFREG|0644, st_size=11158, ...}) = 0
lseek(4, 0, SEEK_CUR)                   = 0
fstat(4, {st_mode=S_IFREG|0644, st_size=11158, ...}) = 0
read(4, "3\r\r\n4^\232^j3\0\0\343\0\0\0\0\0\0\0\0\0\0\0\0\10\0\0\0@\0\0"..., 11159) = 11158
read(4, "", 1)                          = 0
close(4)                                = 0
mmap(NULL, 262144, PROT_READ|PROT_WRITE, MAP_PRIVATE|MAP_ANONYMOUS, -1, 0) = 0x7f92d7477000
stat("/usr/lib/python3/dist-packages", {st_mode=S_IFDIR|0755, st_size=12288, ...}) = 0
stat("/usr/lib/python3/dist-packages", {st_mode=S_IFDIR|0755, st_size=12288, ...}) = 0
stat("/usr/lib/python3/dist-packages", {st_mode=S_IFDIR|0755, st_size=12288, ...}) = 0
openat(AT_FDCWD, "/usr/lib/python3/dist-packages", O_RDONLY|O_NONBLOCK|O_CLOEXEC|O_DIRECTORY) = 4
fstat(4, {st_mode=S_IFDIR|0755, st_size=12288, ...}) = 0
brk(0x2506000)                          = 0x2506000
getdents(4, /* 164 entries */, 32768)   = 6712
getdents(4, /* 0 entries */, 32768)     = 0
brk(0x24fe000)                          = 0x24fe000
close(4)                                = 0
stat("/usr/lib/python3/dist-packages/zope/__init__.cpython-36m-x86_64-linux-gnu.so", 0x7ffcca9fe790) = -1 ENOENT (No such file or directory)
stat("/usr/lib/python3/dist-packages/zope/__init__.abi3.so", 0x7ffcca9fe790) = -1 ENOENT (No such file or directory)
stat("/usr/lib/python3/dist-packages/zope/__init__.so", 0x7ffcca9fe790) = -1 ENOENT (No such file or directory)
stat("/usr/lib/python3/dist-packages/zope/__init__.py", {st_mode=S_IFREG|0644, st_size=200, ...}) = 0
read(3, "", 8192)                       = 0
close(3)                                = 0
stat("/usr/lib/python3.6/dist-packages", 0x7ffcca9ffd60) = -1 ENOENT (No such file or directory)
stat("/usr/lib/python3.6", {st_mode=S_IFDIR|0755, st_size=20480, ...}) = 0
stat("/usr/lib/python3.6/sitecustomize.py", {st_mode=S_IFREG|0644, st_size=155, ...}) = 0
stat("/usr/lib/python3.6/sitecustomize.py", {st_mode=S_IFREG|0644, st_size=155, ...}) = 0
openat(AT_FDCWD, "/usr/lib/python3.6/__pycache__/sitecustomize.cpython-36.pyc", O_RDONLY|O_CLOEXEC) = 3
fstat(3, {st_mode=S_IFREG|0644, st_size=212, ...}) = 0
lseek(3, 0, SEEK_CUR)                   = 0
fstat(3, {st_mode=S_IFREG|0644, st_size=212, ...}) = 0
read(3, "3\r\r\n6r\300Z\233\0\0\0\343\0\0\0\0\0\0\0\0\0\0\0\0\v\0\0\0@\0\0"..., 213) = 212
read(3, "", 1)                          = 0
close(3)                                = 0
stat("/usr/lib/python3.6", {st_mode=S_IFDIR|0755, st_size=20480, ...}) = 0
stat("/usr/lib/python3.6/lib-dynload", {st_mode=S_IFDIR|0755, st_size=12288, ...}) = 0
stat("/usr/lib/python3.6/lib-dynload", {st_mode=S_IFDIR|0755, st_size=12288, ...}) = 0
stat("/usr/lib/python3.6/lib-dynload", {st_mode=S_IFDIR|0755, st_size=12288, ...}) = 0
openat(AT_FDCWD, "/usr/lib/python3.6/lib-dynload", O_RDONLY|O_NONBLOCK|O_CLOEXEC|O_DIRECTORY) = 3
fstat(3, {st_mode=S_IFDIR|0755, st_size=12288, ...}) = 0
getdents(3, /* 42 entries */, 32768)    = 2608
getdents(3, /* 0 entries */, 32768)     = 0
close(3)                                = 0
stat("/home/eclair-mickey/.local/lib/python3.6/site-packages", {st_mode=S_IFDIR|0700, st_size=4096, ...}) = 0
stat("/home/eclair-mickey/.local/lib/python3.6/site-packages", {st_mode=S_IFDIR|0700, st_size=4096, ...}) = 0
stat("/home/eclair-mickey/.local/lib/python3.6/site-packages", {st_mode=S_IFDIR|0700, st_size=4096, ...}) = 0
openat(AT_FDCWD, "/home/eclair-mickey/.local/lib/python3.6/site-packages", O_RDONLY|O_NONBLOCK|O_CLOEXEC|O_DIRECTORY) = 3
fstat(3, {st_mode=S_IFDIR|0700, st_size=4096, ...}) = 0
getdents(3, /* 34 entries */, 32768)    = 1336
getdents(3, /* 0 entries */, 32768)     = 0
close(3)                                = 0
stat("/usr/local/lib/python3.6/dist-packages", {st_mode=S_IFDIR|S_ISGID|0775, st_size=4096, ...}) = 0
stat("/usr/local/lib/python3.6/dist-packages", {st_mode=S_IFDIR|S_ISGID|0775, st_size=4096, ...}) = 0
stat("/usr/local/lib/python3.6/dist-packages", {st_mode=S_IFDIR|S_ISGID|0775, st_size=4096, ...}) = 0
openat(AT_FDCWD, "/usr/local/lib/python3.6/dist-packages", O_RDONLY|O_NONBLOCK|O_CLOEXEC|O_DIRECTORY) = 3
fstat(3, {st_mode=S_IFDIR|S_ISGID|0775, st_size=4096, ...}) = 0
getdents(3, /* 2 entries */, 32768)     = 48
getdents(3, /* 0 entries */, 32768)     = 0
close(3)                                = 0
stat("/usr/lib/python3/dist-packages", {st_mode=S_IFDIR|0755, st_size=12288, ...}) = 0
stat("/usr/lib/python3/dist-packages/apport_python_hook.py", {st_mode=S_IFREG|0644, st_size=7798, ...}) = 0
stat("/usr/lib/python3/dist-packages/apport_python_hook.py", {st_mode=S_IFREG|0644, st_size=7798, ...}) = 0
openat(AT_FDCWD, "/usr/lib/python3/dist-packages/__pycache__/apport_python_hook.cpython-36.pyc", O_RDONLY|O_CLOEXEC) = 3
fstat(3, {st_mode=S_IFREG|0644, st_size=4151, ...}) = 0
lseek(3, 0, SEEK_CUR)                   = 0
fstat(3, {st_mode=S_IFREG|0644, st_size=4151, ...}) = 0
read(3, "3\r\r\nd\331\311]v\36\0\0\343\0\0\0\0\0\0\0\0\0\0\0\0\2\0\0\0@\0\0"..., 4152) = 4151
read(3, "", 1)                          = 0
close(3)                                = 0
stat("/usr/lib/python3.6", {st_mode=S_IFDIR|0755, st_size=20480, ...}) = 0
stat("/usr/lib/python3.6/lib-dynload", {st_mode=S_IFDIR|0755, st_size=12288, ...}) = 0
stat("/home/eclair-mickey/.local/lib/python3.6/site-packages", {st_mode=S_IFDIR|0700, st_size=4096, ...}) = 0
stat("/usr/local/lib/python3.6/dist-packages", {st_mode=S_IFDIR|S_ISGID|0775, st_size=4096, ...}) = 0
stat("/usr/lib/python3/dist-packages", {st_mode=S_IFDIR|0755, st_size=12288, ...}) = 0
stat("./hello.py", {st_mode=S_IFREG|0644, st_size=20, ...}) = 0
openat(AT_FDCWD, "./hello.py", O_RDONLY) = 3
ioctl(3, FIOCLEX)                       = 0
fstat(3, {st_mode=S_IFREG|0644, st_size=20, ...}) = 0
fstat(3, {st_mode=S_IFREG|0644, st_size=20, ...}) = 0
lseek(3, -4096, SEEK_SET)               = -1 EINVAL (Invalid argument)
close(3)                                = 0
stat("./hello.py", {st_mode=S_IFREG|0644, st_size=20, ...}) = 0
readlink("./hello.py", 0x7ffcca9f0670, 4096) = -1 EINVAL (Invalid argument)
getcwd("/home/eclair-mickey/linux_prac/src", 4096) = 35
lstat("/home/eclair-mickey/linux_prac/src/hello.py", {st_mode=S_IFREG|0644, st_size=20, ...}) = 0
openat(AT_FDCWD, "./hello.py", O_RDONLY) = 3
fcntl(3, F_GETFD)                       = 0
fcntl(3, F_SETFD, FD_CLOEXEC)           = 0
fstat(3, {st_mode=S_IFREG|0644, st_size=20, ...}) = 0
ioctl(3, TCGETS, 0x7ffccaa015f0)        = -1 ENOTTY (Inappropriate ioctl for device)
lseek(3, 0, SEEK_CUR)                   = 0
fstat(3, {st_mode=S_IFREG|0644, st_size=20, ...}) = 0
read(3, "print(\"hello world\")", 4096) = 20
lseek(3, 0, SEEK_SET)                   = 0
read(3, "print(\"hello world\")", 4096) = 20
read(3, "", 4096)                       = 0
read(3, "", 4096)                       = 0
read(3, "", 4096)                       = 0
close(3)                                = 0
write(1, "hello world\n", 12)           = 12
rt_sigaction(SIGINT, {sa_handler=SIG_DFL, sa_mask=[], sa_flags=SA_RESTORER, sa_restorer=0x7f92d8e57f20}, {sa_handler=0x62ffc0, sa_mask=[], sa_flags=SA_RESTORER, sa_restorer=0x7f92d8e57f20}, 8) = 0
brk(0x24fc000)                          = 0x24fc000
brk(0x24fb000)                          = 0x24fb000
sigaltstack(NULL, {ss_sp=0x2442a90, ss_flags=0, ss_size=8192}) = 0
sigaltstack({ss_sp=NULL, ss_flags=SS_DISABLE, ss_size=0}, NULL) = 0
exit_group(0)                           = ?
+++ exited with 0 +++
