execve("./hello", ["./hello"], 0x7ffddc0ace68 /* 70 vars */) = 0 <0.000251>
brk(NULL)                               = 0x555ba1e36000 <0.000010>
access("/etc/ld.so.nohwcap", F_OK)      = -1 ENOENT (No such file or directory) <0.000014>
access("/etc/ld.so.preload", R_OK)      = -1 ENOENT (No such file or directory) <0.000011>
openat(AT_FDCWD, "/etc/ld.so.cache", O_RDONLY|O_CLOEXEC) = 3 <0.000013>
fstat(3, {st_mode=S_IFREG|0644, st_size=88044, ...}) = 0 <0.000010>
mmap(NULL, 88044, PROT_READ, MAP_PRIVATE, 3, 0) = 0x7f3fb462d000 <0.000013>
close(3)                                = 0 <0.000008>
access("/etc/ld.so.nohwcap", F_OK)      = -1 ENOENT (No such file or directory) <0.000009>
openat(AT_FDCWD, "/lib/x86_64-linux-gnu/libc.so.6", O_RDONLY|O_CLOEXEC) = 3 <0.000023>
read(3, "\177ELF\2\1\1\3\0\0\0\0\0\0\0\0\3\0>\0\1\0\0\0\260\34\2\0\0\0\0\0"..., 832) = 832 <0.000012>
fstat(3, {st_mode=S_IFREG|0755, st_size=2030544, ...}) = 0 <0.000008>
mmap(NULL, 8192, PROT_READ|PROT_WRITE, MAP_PRIVATE|MAP_ANONYMOUS, -1, 0) = 0x7f3fb462b000 <0.000011>
mmap(NULL, 4131552, PROT_READ|PROT_EXEC, MAP_PRIVATE|MAP_DENYWRITE, 3, 0) = 0x7f3fb402b000 <0.000011>
mprotect(0x7f3fb4212000, 2097152, PROT_NONE) = 0 <0.000015>
mmap(0x7f3fb4412000, 24576, PROT_READ|PROT_WRITE, MAP_PRIVATE|MAP_FIXED|MAP_DENYWRITE, 3, 0x1e7000) = 0x7f3fb4412000 <0.000025>
mmap(0x7f3fb4418000, 15072, PROT_READ|PROT_WRITE, MAP_PRIVATE|MAP_FIXED|MAP_ANONYMOUS, -1, 0) = 0x7f3fb4418000 <0.000024>
close(3)                                = 0 <0.000010>
arch_prctl(ARCH_SET_FS, 0x7f3fb462c4c0) = 0 <0.000009>
mprotect(0x7f3fb4412000, 16384, PROT_READ) = 0 <0.000013>
mprotect(0x555ba1156000, 4096, PROT_READ) = 0 <0.000011>
mprotect(0x7f3fb4643000, 4096, PROT_READ) = 0 <0.000011>
munmap(0x7f3fb462d000, 88044)           = 0 <0.000024>
fstat(1, {st_mode=S_IFCHR|0620, st_rdev=makedev(136, 0), ...}) = 0 <0.000009>
brk(NULL)                               = 0x555ba1e36000 <0.000008>
brk(0x555ba1e57000)                     = 0x555ba1e57000 <0.000010>
write(1, "hello world\n", 12)           = 12 <0.000018>
exit_group(0)                           = ?
+++ exited with 0 +++
